Content-Type: multipart/alternative;
 boundary="===============5422654397354140124=="
MIME-Version: 1.0
Subject: Profile activation
From: test@example.com
To: hatakekakashi@gmail.com
Date: Tue, 17 Dec 2019 17:25:12 -0000
Message-ID: <157660351213.12724.16758515371885099884@user>

--===============5422654397354140124==
Content-Type: text/plain; charset="utf-8"
MIME-Version: 1.0
Content-Transfer-Encoding: 7bit



To activate your profile, please follow this link:

http://127.0.0.1:8000/accounts/activate/Ss3PeqIRQ91Bb208uEyR/

--===============5422654397354140124==
Content-Type: text/html; charset="utf-8"
MIME-Version: 1.0
Content-Transfer-Encoding: 7bit



<!DOCTYPE html PUBLIC "-//W3C//DTD XHTML 1.0 Transitional//EN"
        "http://www.w3.org/TR/xhtml1/DTD/xhtml1-transitional.dtd">
<html xmlns="http://www.w3.org/1999/xhtml">
<head>
    <meta http-equiv="Content-Type" content="text/html; charset=UTF-8"/>
    <title>Profile activation</title>
    <meta name="viewport" content="width=device-width, initial-scale=1.0"/>
</head>

<body>

<p>
    To activate your profile, please follow this link:
</p>

<p>
    <a href="http://127.0.0.1:8000/accounts/activate/Ss3PeqIRQ91Bb208uEyR/">http://127.0.0.1:8000/accounts/activate/Ss3PeqIRQ91Bb208uEyR/</a>
</p>

</body>

</html>

--===============5422654397354140124==--

-------------------------------------------------------------------------------
